Arguments: 
  C:\Program Files\nodejs\node.exe C:\Users\Mittalbaba Rocks\AppData\Roaming\npm\node_modules\yarn\bin\yarn.js install

PATH: 
  C:\Users\Mittalbaba Rocks\AppData\Roaming\npm;C:\Program Files\nodejs\;C:\Program Files (x86)\Intel\Intel(R) Management Engine Components\iCLS\;C:\Program Files\Intel\Intel(R) Management Engine Components\iCLS\;C:\Windows\system32;C:\Windows;C:\Windows\System32\Wbem;C:\Windows\System32\WindowsPowerShell\v1.0\;C:\Windows\System32\OpenSSH\;C:\Program Files (x86)\NVIDIA Corporation\PhysX\Common;C:\Program Files\NVIDIA Corporation\NVIDIA NvDLISR;C:\Program Files (x86)\Intel\Intel(R) Management Engine Components\DAL;C:\Program Files\Intel\Intel(R) Management Engine Components\DAL;C:\Program Files (x86)\Intel\Intel(R) Management Engine Components\IPT;C:\Program Files\Intel\Intel(R) Management Engine Components\IPT;C:\Program Files\Intel\WiFi\bin\;C:\Program Files\Common Files\Intel\WirelessCommon\;C:\Program Files\nodejs\;C:\WINDOWS\system32;C:\WINDOWS;C:\WINDOWS\System32\Wbem;C:\WINDOWS\System32\WindowsPowerShell\v1.0\;C:\WINDOWS\System32\OpenSSH\;C:\Program Files\Git\cmd;C:\Users\Mittalbaba Rocks\AppData\Local\Microsoft\WindowsApps;C:\Users\Mittalbaba Rocks\AppData\Roaming\npm;C:\Users\Mittalbaba Rocks\AppData\Local\Programs\Microsoft VS Code\bin;C:\Program Files\heroku\bin

Yarn version: 
  1.22.10

Node version: 
  14.8.0

Platform: 
  win32 x64

Trace: 
  Error: connect ETIMEDOUT 104.16.22.35:443
      at TCPConnectWrap.afterConnect [as oncomplete] (net.js:1144:16)

npm manifest: 
  {
    "name": "Expensify",
    "version": "1.0.0",
    "main": "index.js",
    "license": "Mohit Mittal",
    "scripts": {
      "serve": "live-server public/",
      "build:dev": "webpack",
      "build:prod": "webpack -p --env production",
      "dev-server": "webpack-dev-server",
      "test": "jest --config=jest.config.json",
      "start": "node server/server.js",
      "heroku-postbuild": "yarn run build:prod"
  
  
    },
    "dependencies": {
      "babel-cli": "6.24.1",
      "babel-core": "6.25.0",
      "babel-loader": "7.1.1",
      "babel-plugin-transform-class-properties": "6.24.1",
      "babel-plugin-transform-object-rest-spread": "6.23.0",
      "babel-preset-env": "1.5.2",
      "babel-preset-react": "6.24.1",
      "css-loader": "0.28.4",
      "enzyme": "3.0.0",
      "enzyme-adapter-react-16": "1.15.5",
      "express": "4.17.1",
      "extract-text-webpack-plugin": "3.0.2",
      "firebase": "4.2.0",
      "jest": "20.0.4",
      "live-server": "^1.2.1",
      "moment": "2.18.1",
      "node-sass": "5.0.0",
      "normalize.css": "8.0.1",
      "raf": "3.3.2",
      "react": "16.0.0",
      "react-addons-shallow-compare": "15.6.0",
      "react-dates": "12.7.0",
      "react-dom": "16.0.0",
      "react-modal": "2.2.2",
      "react-redux": "5.0.5",
      "react-router-dom": "4.2.2",
      "react-test-renderer": "16.0.0",
      "redux": "4.0.5",
      "sass-loader": "6.0.6",
      "style-loader": "0.18.2",
      "uuid": "8.3.1",
      "validator": "8.0.0",
      "webpack": "3.1.0",
      "webpack-dev-server": "2.5.1"
    }
  }

yarn manifest: 
  No manifest

Lockfile: 
  No lockfile
